2021-06-16 16:27:52 Notice: Deprecated (16384): SessionHelper has been deprecated. Use request->session() instead. in [C:\xampp\htdocs\git\sboclub99\vendor\cakephp\cakephp\src\View\Helper\SessionHelper.php, line 39]
Request URL: /adminhome
Trace:
Cake\Error\BaseErrorHandler::handleError() - CORE\src\Error\BaseErrorHandler.php, line 153
Cake\View\Helper\SessionHelper::__construct() - CORE\src\View\Helper\SessionHelper.php, line 39
Cake\View\HelperRegistry::_create() - CORE\src\View\HelperRegistry.php, line 146
Cake\Core\ObjectRegistry::load() - CORE\src\Core\ObjectRegistry.php, line 96
Cake\View\HelperRegistry::__isset() - CORE\src\View\HelperRegistry.php, line 67
Cake\View\View::__get() - CORE\src\View\View.php, line 1094
include - APP/Template\Layout\admin.ctp, line 118
Cake\View\View::_evaluate() - CORE\src\View\View.php, line 1203
Cake\View\View::_render() - CORE\src\View\View.php, line 1164
Cake\View\View::renderLayout() - CORE\src\View\View.php, line 819
Cake\View\View::render() - CORE\src\View\View.php, line 777
Cake\Controller\Controller::render() - CORE\src\Controller\Controller.php, line 623
Cake\Http\ActionDispatcher::_invoke() - CORE\src\Http\ActionDispatcher.php, line 125
Cake\Http\ActionDispatcher::dispatch() - CORE\src\Http\ActionDispatcher.php, line 93
Cake\Http\BaseApplication::__invoke() - CORE\src\Http\BaseApplication.php, line 108
Cake\Http\Runner::__invoke() - CORE\src\Http\Runner.php, line 65
Cake\Routing\Middleware\RoutingMiddleware::__invoke() - CORE\src\Routing\Middleware\RoutingMiddleware.php, line 104
Cake\Http\Runner::__invoke() - CORE\src\Http\Runner.php, line 65
Cake\Routing\Middleware\AssetMiddleware::__invoke() - CORE\src\Routing\Middleware\AssetMiddleware.php, line 88
Cake\Http\Runner::__invoke() - CORE\src\Http\Runner.php, line 65
Cake\Error\Middleware\ErrorHandlerMiddleware::__invoke() - CORE\src\Error\Middleware\ErrorHandlerMiddleware.php, line 98
Cake\Http\Runner::__invoke() - CORE\src\Http\Runner.php, line 65
Cake\Http\Runner::run() - CORE\src\Http\Runner.php, line 51
Cake\Http\Server::run() - CORE\src\Http\Server.php, line 81
[main] - ROOT\webroot\index.php, line 40



2021-06-16 16:28:15 Notice: Deprecated (16384): SessionHelper has been deprecated. Use request->session() instead. in [C:\xampp\htdocs\git\sboclub99\vendor\cakephp\cakephp\src\View\Helper\SessionHelper.php, line 39]
Request URL: /adminhome
Trace:
Cake\Error\BaseErrorHandler::handleError() - CORE\src\Error\BaseErrorHandler.php, line 153
Cake\View\Helper\SessionHelper::__construct() - CORE\src\View\Helper\SessionHelper.php, line 39
Cake\View\HelperRegistry::_create() - CORE\src\View\HelperRegistry.php, line 146
Cake\Core\ObjectRegistry::load() - CORE\src\Core\ObjectRegistry.php, line 96
Cake\View\HelperRegistry::__isset() - CORE\src\View\HelperRegistry.php, line 67
Cake\View\View::__get() - CORE\src\View\View.php, line 1094
include - APP/Template\Layout\admin.ctp, line 118
Cake\View\View::_evaluate() - CORE\src\View\View.php, line 1203
Cake\View\View::_render() - CORE\src\View\View.php, line 1164
Cake\View\View::renderLayout() - CORE\src\View\View.php, line 819
Cake\View\View::render() - CORE\src\View\View.php, line 777
Cake\Controller\Controller::render() - CORE\src\Controller\Controller.php, line 623
Cake\Http\ActionDispatcher::_invoke() - CORE\src\Http\ActionDispatcher.php, line 125
Cake\Http\ActionDispatcher::dispatch() - CORE\src\Http\ActionDispatcher.php, line 93
Cake\Http\BaseApplication::__invoke() - CORE\src\Http\BaseApplication.php, line 108
Cake\Http\Runner::__invoke() - CORE\src\Http\Runner.php, line 65
Cake\Routing\Middleware\RoutingMiddleware::__invoke() - CORE\src\Routing\Middleware\RoutingMiddleware.php, line 104
Cake\Http\Runner::__invoke() - CORE\src\Http\Runner.php, line 65
Cake\Routing\Middleware\AssetMiddleware::__invoke() - CORE\src\Routing\Middleware\AssetMiddleware.php, line 88
Cake\Http\Runner::__invoke() - CORE\src\Http\Runner.php, line 65
Cake\Error\Middleware\ErrorHandlerMiddleware::__invoke() - CORE\src\Error\Middleware\ErrorHandlerMiddleware.php, line 98
Cake\Http\Runner::__invoke() - CORE\src\Http\Runner.php, line 65
Cake\Http\Runner::run() - CORE\src\Http\Runner.php, line 51
Cake\Http\Server::run() - CORE\src\Http\Server.php, line 81
[main] - ROOT\webroot\index.php, line 40



2021-06-16 16:28:55 Notice: Deprecated (16384): SessionHelper has been deprecated. Use request->session() instead. in [C:\xampp\htdocs\git\sboclub99\vendor\cakephp\cakephp\src\View\Helper\SessionHelper.php, line 39]
Request URL: /adminhome
Trace:
Cake\Error\BaseErrorHandler::handleError() - CORE\src\Error\BaseErrorHandler.php, line 153
Cake\View\Helper\SessionHelper::__construct() - CORE\src\View\Helper\SessionHelper.php, line 39
Cake\View\HelperRegistry::_create() - CORE\src\View\HelperRegistry.php, line 146
Cake\Core\ObjectRegistry::load() - CORE\src\Core\ObjectRegistry.php, line 96
Cake\View\HelperRegistry::__isset() - CORE\src\View\HelperRegistry.php, line 67
Cake\View\View::__get() - CORE\src\View\View.php, line 1094
include - APP/Template\Adminhome\index.ctp, line 2
Cake\View\View::_evaluate() - CORE\src\View\View.php, line 1203
Cake\View\View::_render() - CORE\src\View\View.php, line 1164
Cake\View\View::render() - CORE\src\View\View.php, line 772
Cake\Controller\Controller::render() - CORE\src\Controller\Controller.php, line 623
Cake\Http\ActionDispatcher::_invoke() - CORE\src\Http\ActionDispatcher.php, line 125
Cake\Http\ActionDispatcher::dispatch() - CORE\src\Http\ActionDispatcher.php, line 93
Cake\Http\BaseApplication::__invoke() - CORE\src\Http\BaseApplication.php, line 108
Cake\Http\Runner::__invoke() - CORE\src\Http\Runner.php, line 65
Cake\Routing\Middleware\RoutingMiddleware::__invoke() - CORE\src\Routing\Middleware\RoutingMiddleware.php, line 104
Cake\Http\Runner::__invoke() - CORE\src\Http\Runner.php, line 65
Cake\Routing\Middleware\AssetMiddleware::__invoke() - CORE\src\Routing\Middleware\AssetMiddleware.php, line 88
Cake\Http\Runner::__invoke() - CORE\src\Http\Runner.php, line 65
Cake\Error\Middleware\ErrorHandlerMiddleware::__invoke() - CORE\src\Error\Middleware\ErrorHandlerMiddleware.php, line 98
Cake\Http\Runner::__invoke() - CORE\src\Http\Runner.php, line 65
Cake\Http\Runner::run() - CORE\src\Http\Runner.php, line 51
Cake\Http\Server::run() - CORE\src\Http\Server.php, line 81
[main] - ROOT\webroot\index.php, line 40



2021-06-16 16:29:36 Notice: Deprecated (16384): SessionHelper has been deprecated. Use request->session() instead. in [C:\xampp\htdocs\git\sboclub99\vendor\cakephp\cakephp\src\View\Helper\SessionHelper.php, line 39]
Request URL: /adminhome
Trace:
Cake\Error\BaseErrorHandler::handleError() - CORE\src\Error\BaseErrorHandler.php, line 153
Cake\View\Helper\SessionHelper::__construct() - CORE\src\View\Helper\SessionHelper.php, line 39
Cake\View\HelperRegistry::_create() - CORE\src\View\HelperRegistry.php, line 146
Cake\Core\ObjectRegistry::load() - CORE\src\Core\ObjectRegistry.php, line 96
Cake\View\HelperRegistry::__isset() - CORE\src\View\HelperRegistry.php, line 67
Cake\View\View::__get() - CORE\src\View\View.php, line 1094
include - APP/Template\Adminhome\index.ctp, line 1
Cake\View\View::_evaluate() - CORE\src\View\View.php, line 1203
Cake\View\View::_render() - CORE\src\View\View.php, line 1164
Cake\View\View::render() - CORE\src\View\View.php, line 772
Cake\Controller\Controller::render() - CORE\src\Controller\Controller.php, line 623
Cake\Http\ActionDispatcher::_invoke() - CORE\src\Http\ActionDispatcher.php, line 125
Cake\Http\ActionDispatcher::dispatch() - CORE\src\Http\ActionDispatcher.php, line 93
Cake\Http\BaseApplication::__invoke() - CORE\src\Http\BaseApplication.php, line 108
Cake\Http\Runner::__invoke() - CORE\src\Http\Runner.php, line 65
Cake\Routing\Middleware\RoutingMiddleware::__invoke() - CORE\src\Routing\Middleware\RoutingMiddleware.php, line 104
Cake\Http\Runner::__invoke() - CORE\src\Http\Runner.php, line 65
Cake\Routing\Middleware\AssetMiddleware::__invoke() - CORE\src\Routing\Middleware\AssetMiddleware.php, line 88
Cake\Http\Runner::__invoke() - CORE\src\Http\Runner.php, line 65
Cake\Error\Middleware\ErrorHandlerMiddleware::__invoke() - CORE\src\Error\Middleware\ErrorHandlerMiddleware.php, line 98
Cake\Http\Runner::__invoke() - CORE\src\Http\Runner.php, line 65
Cake\Http\Runner::run() - CORE\src\Http\Runner.php, line 51
Cake\Http\Server::run() - CORE\src\Http\Server.php, line 81
[main] - ROOT\webroot\index.php, line 40



2021-06-16 16:29:41 Notice: Deprecated (16384): SessionHelper has been deprecated. Use request->session() instead. in [C:\xampp\htdocs\git\sboclub99\vendor\cakephp\cakephp\src\View\Helper\SessionHelper.php, line 39]
Request URL: /adminhome
Trace:
Cake\Error\BaseErrorHandler::handleError() - CORE\src\Error\BaseErrorHandler.php, line 153
Cake\View\Helper\SessionHelper::__construct() - CORE\src\View\Helper\SessionHelper.php, line 39
Cake\View\HelperRegistry::_create() - CORE\src\View\HelperRegistry.php, line 146
Cake\Core\ObjectRegistry::load() - CORE\src\Core\ObjectRegistry.php, line 96
Cake\View\HelperRegistry::__isset() - CORE\src\View\HelperRegistry.php, line 67
Cake\View\View::__get() - CORE\src\View\View.php, line 1094
include - APP/Template\Adminhome\index.ctp, line 1
Cake\View\View::_evaluate() - CORE\src\View\View.php, line 1203
Cake\View\View::_render() - CORE\src\View\View.php, line 1164
Cake\View\View::render() - CORE\src\View\View.php, line 772
Cake\Controller\Controller::render() - CORE\src\Controller\Controller.php, line 623
Cake\Http\ActionDispatcher::_invoke() - CORE\src\Http\ActionDispatcher.php, line 125
Cake\Http\ActionDispatcher::dispatch() - CORE\src\Http\ActionDispatcher.php, line 93
Cake\Http\BaseApplication::__invoke() - CORE\src\Http\BaseApplication.php, line 108
Cake\Http\Runner::__invoke() - CORE\src\Http\Runner.php, line 65
Cake\Routing\Middleware\RoutingMiddleware::__invoke() - CORE\src\Routing\Middleware\RoutingMiddleware.php, line 104
Cake\Http\Runner::__invoke() - CORE\src\Http\Runner.php, line 65
Cake\Routing\Middleware\AssetMiddleware::__invoke() - CORE\src\Routing\Middleware\AssetMiddleware.php, line 88
Cake\Http\Runner::__invoke() - CORE\src\Http\Runner.php, line 65
Cake\Error\Middleware\ErrorHandlerMiddleware::__invoke() - CORE\src\Error\Middleware\ErrorHandlerMiddleware.php, line 98
Cake\Http\Runner::__invoke() - CORE\src\Http\Runner.php, line 65
Cake\Http\Runner::run() - CORE\src\Http\Runner.php, line 51
Cake\Http\Server::run() - CORE\src\Http\Server.php, line 81
[main] - ROOT\webroot\index.php, line 40



2021-06-16 16:30:02 Notice: Deprecated (16384): SessionHelper has been deprecated. Use request->session() instead. in [C:\xampp\htdocs\git\sboclub99\vendor\cakephp\cakephp\src\View\Helper\SessionHelper.php, line 39]
Request URL: /adminhome
Trace:
Cake\Error\BaseErrorHandler::handleError() - CORE\src\Error\BaseErrorHandler.php, line 153
Cake\View\Helper\SessionHelper::__construct() - CORE\src\View\Helper\SessionHelper.php, line 39
Cake\View\HelperRegistry::_create() - CORE\src\View\HelperRegistry.php, line 146
Cake\Core\ObjectRegistry::load() - CORE\src\Core\ObjectRegistry.php, line 96
Cake\View\HelperRegistry::__isset() - CORE\src\View\HelperRegistry.php, line 67
Cake\View\View::__get() - CORE\src\View\View.php, line 1094
include - APP/Template\Adminhome\index.ctp, line 1
Cake\View\View::_evaluate() - CORE\src\View\View.php, line 1203
Cake\View\View::_render() - CORE\src\View\View.php, line 1164
Cake\View\View::render() - CORE\src\View\View.php, line 772
Cake\Controller\Controller::render() - CORE\src\Controller\Controller.php, line 623
Cake\Http\ActionDispatcher::_invoke() - CORE\src\Http\ActionDispatcher.php, line 125
Cake\Http\ActionDispatcher::dispatch() - CORE\src\Http\ActionDispatcher.php, line 93
Cake\Http\BaseApplication::__invoke() - CORE\src\Http\BaseApplication.php, line 108
Cake\Http\Runner::__invoke() - CORE\src\Http\Runner.php, line 65
Cake\Routing\Middleware\RoutingMiddleware::__invoke() - CORE\src\Routing\Middleware\RoutingMiddleware.php, line 104
Cake\Http\Runner::__invoke() - CORE\src\Http\Runner.php, line 65
Cake\Routing\Middleware\AssetMiddleware::__invoke() - CORE\src\Routing\Middleware\AssetMiddleware.php, line 88
Cake\Http\Runner::__invoke() - CORE\src\Http\Runner.php, line 65
Cake\Error\Middleware\ErrorHandlerMiddleware::__invoke() - CORE\src\Error\Middleware\ErrorHandlerMiddleware.php, line 98
Cake\Http\Runner::__invoke() - CORE\src\Http\Runner.php, line 65
Cake\Http\Runner::run() - CORE\src\Http\Runner.php, line 51
Cake\Http\Server::run() - CORE\src\Http\Server.php, line 81
[main] - ROOT\webroot\index.php, line 40



2021-06-16 16:30:09 Notice: Deprecated (16384): SessionHelper has been deprecated. Use request->session() instead. in [C:\xampp\htdocs\git\sboclub99\vendor\cakephp\cakephp\src\View\Helper\SessionHelper.php, line 39]
Request URL: /adminhome
Trace:
Cake\Error\BaseErrorHandler::handleError() - CORE\src\Error\BaseErrorHandler.php, line 153
Cake\View\Helper\SessionHelper::__construct() - CORE\src\View\Helper\SessionHelper.php, line 39
Cake\View\HelperRegistry::_create() - CORE\src\View\HelperRegistry.php, line 146
Cake\Core\ObjectRegistry::load() - CORE\src\Core\ObjectRegistry.php, line 96
Cake\View\HelperRegistry::__isset() - CORE\src\View\HelperRegistry.php, line 67
Cake\View\View::__get() - CORE\src\View\View.php, line 1094
include - APP/Template\Adminhome\index.ctp, line 1
Cake\View\View::_evaluate() - CORE\src\View\View.php, line 1203
Cake\View\View::_render() - CORE\src\View\View.php, line 1164
Cake\View\View::render() - CORE\src\View\View.php, line 772
Cake\Controller\Controller::render() - CORE\src\Controller\Controller.php, line 623
Cake\Http\ActionDispatcher::_invoke() - CORE\src\Http\ActionDispatcher.php, line 125
Cake\Http\ActionDispatcher::dispatch() - CORE\src\Http\ActionDispatcher.php, line 93
Cake\Http\BaseApplication::__invoke() - CORE\src\Http\BaseApplication.php, line 108
Cake\Http\Runner::__invoke() - CORE\src\Http\Runner.php, line 65
Cake\Routing\Middleware\RoutingMiddleware::__invoke() - CORE\src\Routing\Middleware\RoutingMiddleware.php, line 104
Cake\Http\Runner::__invoke() - CORE\src\Http\Runner.php, line 65
Cake\Routing\Middleware\AssetMiddleware::__invoke() - CORE\src\Routing\Middleware\AssetMiddleware.php, line 88
Cake\Http\Runner::__invoke() - CORE\src\Http\Runner.php, line 65
Cake\Error\Middleware\ErrorHandlerMiddleware::__invoke() - CORE\src\Error\Middleware\ErrorHandlerMiddleware.php, line 98
Cake\Http\Runner::__invoke() - CORE\src\Http\Runner.php, line 65
Cake\Http\Runner::run() - CORE\src\Http\Runner.php, line 51
Cake\Http\Server::run() - CORE\src\Http\Server.php, line 81
[main] - ROOT\webroot\index.php, line 40



2021-06-16 16:31:08 Notice: Deprecated (16384): SessionHelper has been deprecated. Use request->session() instead. in [C:\xampp\htdocs\git\sboclub99\vendor\cakephp\cakephp\src\View\Helper\SessionHelper.php, line 39]
Request URL: /adminhome
Trace:
Cake\Error\BaseErrorHandler::handleError() - CORE\src\Error\BaseErrorHandler.php, line 153
Cake\View\Helper\SessionHelper::__construct() - CORE\src\View\Helper\SessionHelper.php, line 39
Cake\View\HelperRegistry::_create() - CORE\src\View\HelperRegistry.php, line 146
Cake\Core\ObjectRegistry::load() - CORE\src\Core\ObjectRegistry.php, line 96
Cake\View\HelperRegistry::__isset() - CORE\src\View\HelperRegistry.php, line 67
Cake\View\View::__get() - CORE\src\View\View.php, line 1094
include - APP/Template\Adminhome\index.ctp, line 1
Cake\View\View::_evaluate() - CORE\src\View\View.php, line 1203
Cake\View\View::_render() - CORE\src\View\View.php, line 1164
Cake\View\View::render() - CORE\src\View\View.php, line 772
Cake\Controller\Controller::render() - CORE\src\Controller\Controller.php, line 623
Cake\Http\ActionDispatcher::_invoke() - CORE\src\Http\ActionDispatcher.php, line 125
Cake\Http\ActionDispatcher::dispatch() - CORE\src\Http\ActionDispatcher.php, line 93
Cake\Http\BaseApplication::__invoke() - CORE\src\Http\BaseApplication.php, line 108
Cake\Http\Runner::__invoke() - CORE\src\Http\Runner.php, line 65
Cake\Routing\Middleware\RoutingMiddleware::__invoke() - CORE\src\Routing\Middleware\RoutingMiddleware.php, line 104
Cake\Http\Runner::__invoke() - CORE\src\Http\Runner.php, line 65
Cake\Routing\Middleware\AssetMiddleware::__invoke() - CORE\src\Routing\Middleware\AssetMiddleware.php, line 88
Cake\Http\Runner::__invoke() - CORE\src\Http\Runner.php, line 65
Cake\Error\Middleware\ErrorHandlerMiddleware::__invoke() - CORE\src\Error\Middleware\ErrorHandlerMiddleware.php, line 98
Cake\Http\Runner::__invoke() - CORE\src\Http\Runner.php, line 65
Cake\Http\Runner::run() - CORE\src\Http\Runner.php, line 51
Cake\Http\Server::run() - CORE\src\Http\Server.php, line 81
[main] - ROOT\webroot\index.php, line 40



2021-06-16 16:31:14 Notice: Deprecated (16384): SessionHelper has been deprecated. Use request->session() instead. in [C:\xampp\htdocs\git\sboclub99\vendor\cakephp\cakephp\src\View\Helper\SessionHelper.php, line 39]
Request URL: /adminhome
Trace:
Cake\Error\BaseErrorHandler::handleError() - CORE\src\Error\BaseErrorHandler.php, line 153
Cake\View\Helper\SessionHelper::__construct() - CORE\src\View\Helper\SessionHelper.php, line 39
Cake\View\HelperRegistry::_create() - CORE\src\View\HelperRegistry.php, line 146
Cake\Core\ObjectRegistry::load() - CORE\src\Core\ObjectRegistry.php, line 96
Cake\View\HelperRegistry::__isset() - CORE\src\View\HelperRegistry.php, line 67
Cake\View\View::__get() - CORE\src\View\View.php, line 1094
include - APP/Template\Adminhome\index.ctp, line 1
Cake\View\View::_evaluate() - CORE\src\View\View.php, line 1203
Cake\View\View::_render() - CORE\src\View\View.php, line 1164
Cake\View\View::render() - CORE\src\View\View.php, line 772
Cake\Controller\Controller::render() - CORE\src\Controller\Controller.php, line 623
Cake\Http\ActionDispatcher::_invoke() - CORE\src\Http\ActionDispatcher.php, line 125
Cake\Http\ActionDispatcher::dispatch() - CORE\src\Http\ActionDispatcher.php, line 93
Cake\Http\BaseApplication::__invoke() - CORE\src\Http\BaseApplication.php, line 108
Cake\Http\Runner::__invoke() - CORE\src\Http\Runner.php, line 65
Cake\Routing\Middleware\RoutingMiddleware::__invoke() - CORE\src\Routing\Middleware\RoutingMiddleware.php, line 104
Cake\Http\Runner::__invoke() - CORE\src\Http\Runner.php, line 65
Cake\Routing\Middleware\AssetMiddleware::__invoke() - CORE\src\Routing\Middleware\AssetMiddleware.php, line 88
Cake\Http\Runner::__invoke() - CORE\src\Http\Runner.php, line 65
Cake\Error\Middleware\ErrorHandlerMiddleware::__invoke() - CORE\src\Error\Middleware\ErrorHandlerMiddleware.php, line 98
Cake\Http\Runner::__invoke() - CORE\src\Http\Runner.php, line 65
Cake\Http\Runner::run() - CORE\src\Http\Runner.php, line 51
Cake\Http\Server::run() - CORE\src\Http\Server.php, line 81
[main] - ROOT\webroot\index.php, line 40



2021-06-16 16:31:37 Notice: Deprecated (16384): SessionHelper has been deprecated. Use request->session() instead. in [C:\xampp\htdocs\git\sboclub99\vendor\cakephp\cakephp\src\View\Helper\SessionHelper.php, line 39]
Request URL: /adminhome
Trace:
Cake\Error\BaseErrorHandler::handleError() - CORE\src\Error\BaseErrorHandler.php, line 153
Cake\View\Helper\SessionHelper::__construct() - CORE\src\View\Helper\SessionHelper.php, line 39
Cake\View\HelperRegistry::_create() - CORE\src\View\HelperRegistry.php, line 146
Cake\Core\ObjectRegistry::load() - CORE\src\Core\ObjectRegistry.php, line 96
Cake\View\HelperRegistry::__isset() - CORE\src\View\HelperRegistry.php, line 67
Cake\View\View::__get() - CORE\src\View\View.php, line 1094
include - APP/Template\Layout\admin.ctp, line 118
Cake\View\View::_evaluate() - CORE\src\View\View.php, line 1203
Cake\View\View::_render() - CORE\src\View\View.php, line 1164
Cake\View\View::renderLayout() - CORE\src\View\View.php, line 819
Cake\View\View::render() - CORE\src\View\View.php, line 777
Cake\Controller\Controller::render() - CORE\src\Controller\Controller.php, line 623
Cake\Http\ActionDispatcher::_invoke() - CORE\src\Http\ActionDispatcher.php, line 125
Cake\Http\ActionDispatcher::dispatch() - CORE\src\Http\ActionDispatcher.php, line 93
Cake\Http\BaseApplication::__invoke() - CORE\src\Http\BaseApplication.php, line 108
Cake\Http\Runner::__invoke() - CORE\src\Http\Runner.php, line 65
Cake\Routing\Middleware\RoutingMiddleware::__invoke() - CORE\src\Routing\Middleware\RoutingMiddleware.php, line 104
Cake\Http\Runner::__invoke() - CORE\src\Http\Runner.php, line 65
Cake\Routing\Middleware\AssetMiddleware::__invoke() - CORE\src\Routing\Middleware\AssetMiddleware.php, line 88
Cake\Http\Runner::__invoke() - CORE\src\Http\Runner.php, line 65
Cake\Error\Middleware\ErrorHandlerMiddleware::__invoke() - CORE\src\Error\Middleware\ErrorHandlerMiddleware.php, line 98
Cake\Http\Runner::__invoke() - CORE\src\Http\Runner.php, line 65
Cake\Http\Runner::run() - CORE\src\Http\Runner.php, line 51
Cake\Http\Server::run() - CORE\src\Http\Server.php, line 81
[main] - ROOT\webroot\index.php, line 40



2021-06-16 16:33:57 Notice: Deprecated (16384): SessionHelper has been deprecated. Use request->session() instead. in [C:\xampp\htdocs\git\sboclub99\vendor\cakephp\cakephp\src\View\Helper\SessionHelper.php, line 39]
Request URL: /adminhome
Trace:
Cake\Error\BaseErrorHandler::handleError() - CORE\src\Error\BaseErrorHandler.php, line 153
Cake\View\Helper\SessionHelper::__construct() - CORE\src\View\Helper\SessionHelper.php, line 39
Cake\View\HelperRegistry::_create() - CORE\src\View\HelperRegistry.php, line 146
Cake\Core\ObjectRegistry::load() - CORE\src\Core\ObjectRegistry.php, line 96
Cake\View\HelperRegistry::__isset() - CORE\src\View\HelperRegistry.php, line 67
Cake\View\View::__get() - CORE\src\View\View.php, line 1094
include - APP/Template\Layout\admin.ctp, line 118
Cake\View\View::_evaluate() - CORE\src\View\View.php, line 1203
Cake\View\View::_render() - CORE\src\View\View.php, line 1164
Cake\View\View::renderLayout() - CORE\src\View\View.php, line 819
Cake\View\View::render() - CORE\src\View\View.php, line 777
Cake\Controller\Controller::render() - CORE\src\Controller\Controller.php, line 623
Cake\Http\ActionDispatcher::_invoke() - CORE\src\Http\ActionDispatcher.php, line 125
Cake\Http\ActionDispatcher::dispatch() - CORE\src\Http\ActionDispatcher.php, line 93
Cake\Http\BaseApplication::__invoke() - CORE\src\Http\BaseApplication.php, line 108
Cake\Http\Runner::__invoke() - CORE\src\Http\Runner.php, line 65
Cake\Routing\Middleware\RoutingMiddleware::__invoke() - CORE\src\Routing\Middleware\RoutingMiddleware.php, line 104
Cake\Http\Runner::__invoke() - CORE\src\Http\Runner.php, line 65
Cake\Routing\Middleware\AssetMiddleware::__invoke() - CORE\src\Routing\Middleware\AssetMiddleware.php, line 88
Cake\Http\Runner::__invoke() - CORE\src\Http\Runner.php, line 65
Cake\Error\Middleware\ErrorHandlerMiddleware::__invoke() - CORE\src\Error\Middleware\ErrorHandlerMiddleware.php, line 98
Cake\Http\Runner::__invoke() - CORE\src\Http\Runner.php, line 65
Cake\Http\Runner::run() - CORE\src\Http\Runner.php, line 51
Cake\Http\Server::run() - CORE\src\Http\Server.php, line 81
[main] - ROOT\webroot\index.php, line 40



2021-06-16 16:34:00 Notice: Deprecated (16384): SessionHelper has been deprecated. Use request->session() instead. in [C:\xampp\htdocs\git\sboclub99\vendor\cakephp\cakephp\src\View\Helper\SessionHelper.php, line 39]
Request URL: /adminhome
Trace:
Cake\Error\BaseErrorHandler::handleError() - CORE\src\Error\BaseErrorHandler.php, line 153
Cake\View\Helper\SessionHelper::__construct() - CORE\src\View\Helper\SessionHelper.php, line 39
Cake\View\HelperRegistry::_create() - CORE\src\View\HelperRegistry.php, line 146
Cake\Core\ObjectRegistry::load() - CORE\src\Core\ObjectRegistry.php, line 96
Cake\View\HelperRegistry::__isset() - CORE\src\View\HelperRegistry.php, line 67
Cake\View\View::__get() - CORE\src\View\View.php, line 1094
include - APP/Template\Layout\admin.ctp, line 118
Cake\View\View::_evaluate() - CORE\src\View\View.php, line 1203
Cake\View\View::_render() - CORE\src\View\View.php, line 1164
Cake\View\View::renderLayout() - CORE\src\View\View.php, line 819
Cake\View\View::render() - CORE\src\View\View.php, line 777
Cake\Controller\Controller::render() - CORE\src\Controller\Controller.php, line 623
Cake\Http\ActionDispatcher::_invoke() - CORE\src\Http\ActionDispatcher.php, line 125
Cake\Http\ActionDispatcher::dispatch() - CORE\src\Http\ActionDispatcher.php, line 93
Cake\Http\BaseApplication::__invoke() - CORE\src\Http\BaseApplication.php, line 108
Cake\Http\Runner::__invoke() - CORE\src\Http\Runner.php, line 65
Cake\Routing\Middleware\RoutingMiddleware::__invoke() - CORE\src\Routing\Middleware\RoutingMiddleware.php, line 104
Cake\Http\Runner::__invoke() - CORE\src\Http\Runner.php, line 65
Cake\Routing\Middleware\AssetMiddleware::__invoke() - CORE\src\Routing\Middleware\AssetMiddleware.php, line 88
Cake\Http\Runner::__invoke() - CORE\src\Http\Runner.php, line 65
Cake\Error\Middleware\ErrorHandlerMiddleware::__invoke() - CORE\src\Error\Middleware\ErrorHandlerMiddleware.php, line 98
Cake\Http\Runner::__invoke() - CORE\src\Http\Runner.php, line 65
Cake\Http\Runner::run() - CORE\src\Http\Runner.php, line 51
Cake\Http\Server::run() - CORE\src\Http\Server.php, line 81
[main] - ROOT\webroot\index.php, line 40



2021-06-16 16:34:20 Notice: Deprecated (16384): SessionHelper has been deprecated. Use request->session() instead. in [C:\xampp\htdocs\git\sboclub99\vendor\cakephp\cakephp\src\View\Helper\SessionHelper.php, line 39]
Request URL: /adminhome
Trace:
Cake\Error\BaseErrorHandler::handleError() - CORE\src\Error\BaseErrorHandler.php, line 153
Cake\View\Helper\SessionHelper::__construct() - CORE\src\View\Helper\SessionHelper.php, line 39
Cake\View\HelperRegistry::_create() - CORE\src\View\HelperRegistry.php, line 146
Cake\Core\ObjectRegistry::load() - CORE\src\Core\ObjectRegistry.php, line 96
Cake\View\HelperRegistry::__isset() - CORE\src\View\HelperRegistry.php, line 67
Cake\View\View::__get() - CORE\src\View\View.php, line 1094
include - APP/Template\Layout\admin.ctp, line 118
Cake\View\View::_evaluate() - CORE\src\View\View.php, line 1203
Cake\View\View::_render() - CORE\src\View\View.php, line 1164
Cake\View\View::renderLayout() - CORE\src\View\View.php, line 819
Cake\View\View::render() - CORE\src\View\View.php, line 777
Cake\Controller\Controller::render() - CORE\src\Controller\Controller.php, line 623
Cake\Http\ActionDispatcher::_invoke() - CORE\src\Http\ActionDispatcher.php, line 125
Cake\Http\ActionDispatcher::dispatch() - CORE\src\Http\ActionDispatcher.php, line 93
Cake\Http\BaseApplication::__invoke() - CORE\src\Http\BaseApplication.php, line 108
Cake\Http\Runner::__invoke() - CORE\src\Http\Runner.php, line 65
Cake\Routing\Middleware\RoutingMiddleware::__invoke() - CORE\src\Routing\Middleware\RoutingMiddleware.php, line 104
Cake\Http\Runner::__invoke() - CORE\src\Http\Runner.php, line 65
Cake\Routing\Middleware\AssetMiddleware::__invoke() - CORE\src\Routing\Middleware\AssetMiddleware.php, line 88
Cake\Http\Runner::__invoke() - CORE\src\Http\Runner.php, line 65
Cake\Error\Middleware\ErrorHandlerMiddleware::__invoke() - CORE\src\Error\Middleware\ErrorHandlerMiddleware.php, line 98
Cake\Http\Runner::__invoke() - CORE\src\Http\Runner.php, line 65
Cake\Http\Runner::run() - CORE\src\Http\Runner.php, line 51
Cake\Http\Server::run() - CORE\src\Http\Server.php, line 81
[main] - ROOT\webroot\index.php, line 40



2021-06-16 16:35:51 Notice: Deprecated (16384): SessionHelper has been deprecated. Use request->session() instead. in [C:\xampp\htdocs\git\sboclub99\vendor\cakephp\cakephp\src\View\Helper\SessionHelper.php, line 39]
Request URL: /adminhome
Trace:
Cake\Error\BaseErrorHandler::handleError() - CORE\src\Error\BaseErrorHandler.php, line 153
Cake\View\Helper\SessionHelper::__construct() - CORE\src\View\Helper\SessionHelper.php, line 39
Cake\View\HelperRegistry::_create() - CORE\src\View\HelperRegistry.php, line 146
Cake\Core\ObjectRegistry::load() - CORE\src\Core\ObjectRegistry.php, line 96
Cake\View\HelperRegistry::__isset() - CORE\src\View\HelperRegistry.php, line 67
Cake\View\View::__get() - CORE\src\View\View.php, line 1094
include - APP/Template\Layout\admin.ctp, line 118
Cake\View\View::_evaluate() - CORE\src\View\View.php, line 1203
Cake\View\View::_render() - CORE\src\View\View.php, line 1164
Cake\View\View::renderLayout() - CORE\src\View\View.php, line 819
Cake\View\View::render() - CORE\src\View\View.php, line 777
Cake\Controller\Controller::render() - CORE\src\Controller\Controller.php, line 623
Cake\Http\ActionDispatcher::_invoke() - CORE\src\Http\ActionDispatcher.php, line 125
Cake\Http\ActionDispatcher::dispatch() - CORE\src\Http\ActionDispatcher.php, line 93
Cake\Http\BaseApplication::__invoke() - CORE\src\Http\BaseApplication.php, line 108
Cake\Http\Runner::__invoke() - CORE\src\Http\Runner.php, line 65
Cake\Routing\Middleware\RoutingMiddleware::__invoke() - CORE\src\Routing\Middleware\RoutingMiddleware.php, line 104
Cake\Http\Runner::__invoke() - CORE\src\Http\Runner.php, line 65
Cake\Routing\Middleware\AssetMiddleware::__invoke() - CORE\src\Routing\Middleware\AssetMiddleware.php, line 88
Cake\Http\Runner::__invoke() - CORE\src\Http\Runner.php, line 65
Cake\Error\Middleware\ErrorHandlerMiddleware::__invoke() - CORE\src\Error\Middleware\ErrorHandlerMiddleware.php, line 98
Cake\Http\Runner::__invoke() - CORE\src\Http\Runner.php, line 65
Cake\Http\Runner::run() - CORE\src\Http\Runner.php, line 51
Cake\Http\Server::run() - CORE\src\Http\Server.php, line 81
[main] - ROOT\webroot\index.php, line 40



2021-06-16 16:40:43 Notice: Deprecated (16384): SessionHelper has been deprecated. Use request->session() instead. in [C:\xampp\htdocs\git\sboclub99\vendor\cakephp\cakephp\src\View\Helper\SessionHelper.php, line 39]
Request URL: /adminhome
Trace:
Cake\Error\BaseErrorHandler::handleError() - CORE\src\Error\BaseErrorHandler.php, line 153
Cake\View\Helper\SessionHelper::__construct() - CORE\src\View\Helper\SessionHelper.php, line 39
Cake\View\HelperRegistry::_create() - CORE\src\View\HelperRegistry.php, line 146
Cake\Core\ObjectRegistry::load() - CORE\src\Core\ObjectRegistry.php, line 96
Cake\View\HelperRegistry::__isset() - CORE\src\View\HelperRegistry.php, line 67
Cake\View\View::__get() - CORE\src\View\View.php, line 1094
include - APP/Template\Adminhome\index.ctp, line 2
Cake\View\View::_evaluate() - CORE\src\View\View.php, line 1203
Cake\View\View::_render() - CORE\src\View\View.php, line 1164
Cake\View\View::render() - CORE\src\View\View.php, line 772
Cake\Controller\Controller::render() - CORE\src\Controller\Controller.php, line 623
Cake\Http\ActionDispatcher::_invoke() - CORE\src\Http\ActionDispatcher.php, line 125
Cake\Http\ActionDispatcher::dispatch() - CORE\src\Http\ActionDispatcher.php, line 93
Cake\Http\BaseApplication::__invoke() - CORE\src\Http\BaseApplication.php, line 108
Cake\Http\Runner::__invoke() - CORE\src\Http\Runner.php, line 65
Cake\Routing\Middleware\RoutingMiddleware::__invoke() - CORE\src\Routing\Middleware\RoutingMiddleware.php, line 104
Cake\Http\Runner::__invoke() - CORE\src\Http\Runner.php, line 65
Cake\Routing\Middleware\AssetMiddleware::__invoke() - CORE\src\Routing\Middleware\AssetMiddleware.php, line 88
Cake\Http\Runner::__invoke() - CORE\src\Http\Runner.php, line 65
Cake\Error\Middleware\ErrorHandlerMiddleware::__invoke() - CORE\src\Error\Middleware\ErrorHandlerMiddleware.php, line 98
Cake\Http\Runner::__invoke() - CORE\src\Http\Runner.php, line 65
Cake\Http\Runner::run() - CORE\src\Http\Runner.php, line 51
Cake\Http\Server::run() - CORE\src\Http\Server.php, line 81
[main] - ROOT\webroot\index.php, line 40



2021-06-16 16:41:08 Notice: Deprecated (16384): SessionHelper has been deprecated. Use request->session() instead. in [C:\xampp\htdocs\git\sboclub99\vendor\cakephp\cakephp\src\View\Helper\SessionHelper.php, line 39]
Request URL: /adminhome
Trace:
Cake\Error\BaseErrorHandler::handleError() - CORE\src\Error\BaseErrorHandler.php, line 153
Cake\View\Helper\SessionHelper::__construct() - CORE\src\View\Helper\SessionHelper.php, line 39
Cake\View\HelperRegistry::_create() - CORE\src\View\HelperRegistry.php, line 146
Cake\Core\ObjectRegistry::load() - CORE\src\Core\ObjectRegistry.php, line 96
Cake\View\HelperRegistry::__isset() - CORE\src\View\HelperRegistry.php, line 67
Cake\View\View::__get() - CORE\src\View\View.php, line 1094
include - APP/Template\Adminhome\index.ctp, line 2
Cake\View\View::_evaluate() - CORE\src\View\View.php, line 1203
Cake\View\View::_render() - CORE\src\View\View.php, line 1164
Cake\View\View::render() - CORE\src\View\View.php, line 772
Cake\Controller\Controller::render() - CORE\src\Controller\Controller.php, line 623
Cake\Http\ActionDispatcher::_invoke() - CORE\src\Http\ActionDispatcher.php, line 125
Cake\Http\ActionDispatcher::dispatch() - CORE\src\Http\ActionDispatcher.php, line 93
Cake\Http\BaseApplication::__invoke() - CORE\src\Http\BaseApplication.php, line 108
Cake\Http\Runner::__invoke() - CORE\src\Http\Runner.php, line 65
Cake\Routing\Middleware\RoutingMiddleware::__invoke() - CORE\src\Routing\Middleware\RoutingMiddleware.php, line 104
Cake\Http\Runner::__invoke() - CORE\src\Http\Runner.php, line 65
Cake\Routing\Middleware\AssetMiddleware::__invoke() - CORE\src\Routing\Middleware\AssetMiddleware.php, line 88
Cake\Http\Runner::__invoke() - CORE\src\Http\Runner.php, line 65
Cake\Error\Middleware\ErrorHandlerMiddleware::__invoke() - CORE\src\Error\Middleware\ErrorHandlerMiddleware.php, line 98
Cake\Http\Runner::__invoke() - CORE\src\Http\Runner.php, line 65
Cake\Http\Runner::run() - CORE\src\Http\Runner.php, line 51
Cake\Http\Server::run() - CORE\src\Http\Server.php, line 81
[main] - ROOT\webroot\index.php, line 40



2021-06-16 16:41:11 Notice: Deprecated (16384): SessionHelper has been deprecated. Use request->session() instead. in [C:\xampp\htdocs\git\sboclub99\vendor\cakephp\cakephp\src\View\Helper\SessionHelper.php, line 39]
Request URL: /adminhome
Trace:
Cake\Error\BaseErrorHandler::handleError() - CORE\src\Error\BaseErrorHandler.php, line 153
Cake\View\Helper\SessionHelper::__construct() - CORE\src\View\Helper\SessionHelper.php, line 39
Cake\View\HelperRegistry::_create() - CORE\src\View\HelperRegistry.php, line 146
Cake\Core\ObjectRegistry::load() - CORE\src\Core\ObjectRegistry.php, line 96
Cake\View\HelperRegistry::__isset() - CORE\src\View\HelperRegistry.php, line 67
Cake\View\View::__get() - CORE\src\View\View.php, line 1094
include - APP/Template\Adminhome\index.ctp, line 2
Cake\View\View::_evaluate() - CORE\src\View\View.php, line 1203
Cake\View\View::_render() - CORE\src\View\View.php, line 1164
Cake\View\View::render() - CORE\src\View\View.php, line 772
Cake\Controller\Controller::render() - CORE\src\Controller\Controller.php, line 623
Cake\Http\ActionDispatcher::_invoke() - CORE\src\Http\ActionDispatcher.php, line 125
Cake\Http\ActionDispatcher::dispatch() - CORE\src\Http\ActionDispatcher.php, line 93
Cake\Http\BaseApplication::__invoke() - CORE\src\Http\BaseApplication.php, line 108
Cake\Http\Runner::__invoke() - CORE\src\Http\Runner.php, line 65
Cake\Routing\Middleware\RoutingMiddleware::__invoke() - CORE\src\Routing\Middleware\RoutingMiddleware.php, line 104
Cake\Http\Runner::__invoke() - CORE\src\Http\Runner.php, line 65
Cake\Routing\Middleware\AssetMiddleware::__invoke() - CORE\src\Routing\Middleware\AssetMiddleware.php, line 88
Cake\Http\Runner::__invoke() - CORE\src\Http\Runner.php, line 65
Cake\Error\Middleware\ErrorHandlerMiddleware::__invoke() - CORE\src\Error\Middleware\ErrorHandlerMiddleware.php, line 98
Cake\Http\Runner::__invoke() - CORE\src\Http\Runner.php, line 65
Cake\Http\Runner::run() - CORE\src\Http\Runner.php, line 51
Cake\Http\Server::run() - CORE\src\Http\Server.php, line 81
[main] - ROOT\webroot\index.php, line 40



2021-06-16 16:41:36 Notice: Deprecated (16384): SessionHelper has been deprecated. Use request->session() instead. in [C:\xampp\htdocs\git\sboclub99\vendor\cakephp\cakephp\src\View\Helper\SessionHelper.php, line 39]
Request URL: /adminhome
Trace:
Cake\Error\BaseErrorHandler::handleError() - CORE\src\Error\BaseErrorHandler.php, line 153
Cake\View\Helper\SessionHelper::__construct() - CORE\src\View\Helper\SessionHelper.php, line 39
Cake\View\HelperRegistry::_create() - CORE\src\View\HelperRegistry.php, line 146
Cake\Core\ObjectRegistry::load() - CORE\src\Core\ObjectRegistry.php, line 96
Cake\View\HelperRegistry::__isset() - CORE\src\View\HelperRegistry.php, line 67
Cake\View\View::__get() - CORE\src\View\View.php, line 1094
include - APP/Template\Adminhome\index.ctp, line 2
Cake\View\View::_evaluate() - CORE\src\View\View.php, line 1203
Cake\View\View::_render() - CORE\src\View\View.php, line 1164
Cake\View\View::render() - CORE\src\View\View.php, line 772
Cake\Controller\Controller::render() - CORE\src\Controller\Controller.php, line 623
Cake\Http\ActionDispatcher::_invoke() - CORE\src\Http\ActionDispatcher.php, line 125
Cake\Http\ActionDispatcher::dispatch() - CORE\src\Http\ActionDispatcher.php, line 93
Cake\Http\BaseApplication::__invoke() - CORE\src\Http\BaseApplication.php, line 108
Cake\Http\Runner::__invoke() - CORE\src\Http\Runner.php, line 65
Cake\Routing\Middleware\RoutingMiddleware::__invoke() - CORE\src\Routing\Middleware\RoutingMiddleware.php, line 104
Cake\Http\Runner::__invoke() - CORE\src\Http\Runner.php, line 65
Cake\Routing\Middleware\AssetMiddleware::__invoke() - CORE\src\Routing\Middleware\AssetMiddleware.php, line 88
Cake\Http\Runner::__invoke() - CORE\src\Http\Runner.php, line 65
Cake\Error\Middleware\ErrorHandlerMiddleware::__invoke() - CORE\src\Error\Middleware\ErrorHandlerMiddleware.php, line 98
Cake\Http\Runner::__invoke() - CORE\src\Http\Runner.php, line 65
Cake\Http\Runner::run() - CORE\src\Http\Runner.php, line 51
Cake\Http\Server::run() - CORE\src\Http\Server.php, line 81
[main] - ROOT\webroot\index.php, line 40



2021-06-16 16:41:39 Notice: Deprecated (16384): SessionHelper has been deprecated. Use request->session() instead. in [C:\xampp\htdocs\git\sboclub99\vendor\cakephp\cakephp\src\View\Helper\SessionHelper.php, line 39]
Request URL: /adminhome
Trace:
Cake\Error\BaseErrorHandler::handleError() - CORE\src\Error\BaseErrorHandler.php, line 153
Cake\View\Helper\SessionHelper::__construct() - CORE\src\View\Helper\SessionHelper.php, line 39
Cake\View\HelperRegistry::_create() - CORE\src\View\HelperRegistry.php, line 146
Cake\Core\ObjectRegistry::load() - CORE\src\Core\ObjectRegistry.php, line 96
Cake\View\HelperRegistry::__isset() - CORE\src\View\HelperRegistry.php, line 67
Cake\View\View::__get() - CORE\src\View\View.php, line 1094
include - APP/Template\Adminhome\index.ctp, line 2
Cake\View\View::_evaluate() - CORE\src\View\View.php, line 1203
Cake\View\View::_render() - CORE\src\View\View.php, line 1164
Cake\View\View::render() - CORE\src\View\View.php, line 772
Cake\Controller\Controller::render() - CORE\src\Controller\Controller.php, line 623
Cake\Http\ActionDispatcher::_invoke() - CORE\src\Http\ActionDispatcher.php, line 125
Cake\Http\ActionDispatcher::dispatch() - CORE\src\Http\ActionDispatcher.php, line 93
Cake\Http\BaseApplication::__invoke() - CORE\src\Http\BaseApplication.php, line 108
Cake\Http\Runner::__invoke() - CORE\src\Http\Runner.php, line 65
Cake\Routing\Middleware\RoutingMiddleware::__invoke() - CORE\src\Routing\Middleware\RoutingMiddleware.php, line 104
Cake\Http\Runner::__invoke() - CORE\src\Http\Runner.php, line 65
Cake\Routing\Middleware\AssetMiddleware::__invoke() - CORE\src\Routing\Middleware\AssetMiddleware.php, line 88
Cake\Http\Runner::__invoke() - CORE\src\Http\Runner.php, line 65
Cake\Error\Middleware\ErrorHandlerMiddleware::__invoke() - CORE\src\Error\Middleware\ErrorHandlerMiddleware.php, line 98
Cake\Http\Runner::__invoke() - CORE\src\Http\Runner.php, line 65
Cake\Http\Runner::run() - CORE\src\Http\Runner.php, line 51
Cake\Http\Server::run() - CORE\src\Http\Server.php, line 81
[main] - ROOT\webroot\index.php, line 40



2021-06-16 16:46:18 Notice: Deprecated (16384): SessionHelper has been deprecated. Use request->session() instead. in [C:\xampp\htdocs\git\sboclub99\vendor\cakephp\cakephp\src\View\Helper\SessionHelper.php, line 39]
Request URL: /adminhome
Trace:
Cake\Error\BaseErrorHandler::handleError() - CORE\src\Error\BaseErrorHandler.php, line 153
Cake\View\Helper\SessionHelper::__construct() - CORE\src\View\Helper\SessionHelper.php, line 39
Cake\View\HelperRegistry::_create() - CORE\src\View\HelperRegistry.php, line 146
Cake\Core\ObjectRegistry::load() - CORE\src\Core\ObjectRegistry.php, line 96
Cake\View\HelperRegistry::__isset() - CORE\src\View\HelperRegistry.php, line 67
Cake\View\View::__get() - CORE\src\View\View.php, line 1094
include - APP/Template\Layout\admin.ctp, line 118
Cake\View\View::_evaluate() - CORE\src\View\View.php, line 1203
Cake\View\View::_render() - CORE\src\View\View.php, line 1164
Cake\View\View::renderLayout() - CORE\src\View\View.php, line 819
Cake\View\View::render() - CORE\src\View\View.php, line 777
Cake\Controller\Controller::render() - CORE\src\Controller\Controller.php, line 623
Cake\Http\ActionDispatcher::_invoke() - CORE\src\Http\ActionDispatcher.php, line 125
Cake\Http\ActionDispatcher::dispatch() - CORE\src\Http\ActionDispatcher.php, line 93
Cake\Http\BaseApplication::__invoke() - CORE\src\Http\BaseApplication.php, line 108
Cake\Http\Runner::__invoke() - CORE\src\Http\Runner.php, line 65
Cake\Routing\Middleware\RoutingMiddleware::__invoke() - CORE\src\Routing\Middleware\RoutingMiddleware.php, line 104
Cake\Http\Runner::__invoke() - CORE\src\Http\Runner.php, line 65
Cake\Routing\Middleware\AssetMiddleware::__invoke() - CORE\src\Routing\Middleware\AssetMiddleware.php, line 88
Cake\Http\Runner::__invoke() - CORE\src\Http\Runner.php, line 65
Cake\Error\Middleware\ErrorHandlerMiddleware::__invoke() - CORE\src\Error\Middleware\ErrorHandlerMiddleware.php, line 98
Cake\Http\Runner::__invoke() - CORE\src\Http\Runner.php, line 65
Cake\Http\Runner::run() - CORE\src\Http\Runner.php, line 51
Cake\Http\Server::run() - CORE\src\Http\Server.php, line 81
[main] - ROOT\webroot\index.php, line 40



2021-06-16 16:46:30 Notice: Deprecated (16384): SessionHelper has been deprecated. Use request->session() instead. in [C:\xampp\htdocs\git\sboclub99\vendor\cakephp\cakephp\src\View\Helper\SessionHelper.php, line 39]
Request URL: /admin-vdo
Trace:
Cake\Error\BaseErrorHandler::handleError() - CORE\src\Error\BaseErrorHandler.php, line 153
Cake\View\Helper\SessionHelper::__construct() - CORE\src\View\Helper\SessionHelper.php, line 39
Cake\View\HelperRegistry::_create() - CORE\src\View\HelperRegistry.php, line 146
Cake\Core\ObjectRegistry::load() - CORE\src\Core\ObjectRegistry.php, line 96
Cake\View\HelperRegistry::__isset() - CORE\src\View\HelperRegistry.php, line 67
Cake\View\View::__get() - CORE\src\View\View.php, line 1094
include - APP/Template\Layout\admin.ctp, line 118
Cake\View\View::_evaluate() - CORE\src\View\View.php, line 1203
Cake\View\View::_render() - CORE\src\View\View.php, line 1164
Cake\View\View::renderLayout() - CORE\src\View\View.php, line 819
Cake\View\View::render() - CORE\src\View\View.php, line 777
Cake\Controller\Controller::render() - CORE\src\Controller\Controller.php, line 623
Cake\Http\ActionDispatcher::_invoke() - CORE\src\Http\ActionDispatcher.php, line 125
Cake\Http\ActionDispatcher::dispatch() - CORE\src\Http\ActionDispatcher.php, line 93
Cake\Http\BaseApplication::__invoke() - CORE\src\Http\BaseApplication.php, line 108
Cake\Http\Runner::__invoke() - CORE\src\Http\Runner.php, line 65
Cake\Routing\Middleware\RoutingMiddleware::__invoke() - CORE\src\Routing\Middleware\RoutingMiddleware.php, line 104
Cake\Http\Runner::__invoke() - CORE\src\Http\Runner.php, line 65
Cake\Routing\Middleware\AssetMiddleware::__invoke() - CORE\src\Routing\Middleware\AssetMiddleware.php, line 88
Cake\Http\Runner::__invoke() - CORE\src\Http\Runner.php, line 65
Cake\Error\Middleware\ErrorHandlerMiddleware::__invoke() - CORE\src\Error\Middleware\ErrorHandlerMiddleware.php, line 98
Cake\Http\Runner::__invoke() - CORE\src\Http\Runner.php, line 65
Cake\Http\Runner::run() - CORE\src\Http\Runner.php, line 51
Cake\Http\Server::run() - CORE\src\Http\Server.php, line 81
[main] - ROOT\webroot\index.php, line 40



2021-06-16 16:47:58 Notice: Deprecated (16384): SessionHelper has been deprecated. Use request->session() instead. in [C:\xampp\htdocs\git\sboclub99\vendor\cakephp\cakephp\src\View\Helper\SessionHelper.php, line 39]
Request URL: /adminhome
Trace:
Cake\Error\BaseErrorHandler::handleError() - CORE\src\Error\BaseErrorHandler.php, line 153
Cake\View\Helper\SessionHelper::__construct() - CORE\src\View\Helper\SessionHelper.php, line 39
Cake\View\HelperRegistry::_create() - CORE\src\View\HelperRegistry.php, line 146
Cake\Core\ObjectRegistry::load() - CORE\src\Core\ObjectRegistry.php, line 96
Cake\View\HelperRegistry::__isset() - CORE\src\View\HelperRegistry.php, line 67
Cake\View\View::__get() - CORE\src\View\View.php, line 1094
include - APP/Template\Layout\admin.ctp, line 118
Cake\View\View::_evaluate() - CORE\src\View\View.php, line 1203
Cake\View\View::_render() - CORE\src\View\View.php, line 1164
Cake\View\View::renderLayout() - CORE\src\View\View.php, line 819
Cake\View\View::render() - CORE\src\View\View.php, line 777
Cake\Controller\Controller::render() - CORE\src\Controller\Controller.php, line 623
Cake\Http\ActionDispatcher::_invoke() - CORE\src\Http\ActionDispatcher.php, line 125
Cake\Http\ActionDispatcher::dispatch() - CORE\src\Http\ActionDispatcher.php, line 93
Cake\Http\BaseApplication::__invoke() - CORE\src\Http\BaseApplication.php, line 108
Cake\Http\Runner::__invoke() - CORE\src\Http\Runner.php, line 65
Cake\Routing\Middleware\RoutingMiddleware::__invoke() - CORE\src\Routing\Middleware\RoutingMiddleware.php, line 104
Cake\Http\Runner::__invoke() - CORE\src\Http\Runner.php, line 65
Cake\Routing\Middleware\AssetMiddleware::__invoke() - CORE\src\Routing\Middleware\AssetMiddleware.php, line 88
Cake\Http\Runner::__invoke() - CORE\src\Http\Runner.php, line 65
Cake\Error\Middleware\ErrorHandlerMiddleware::__invoke() - CORE\src\Error\Middleware\ErrorHandlerMiddleware.php, line 98
Cake\Http\Runner::__invoke() - CORE\src\Http\Runner.php, line 65
Cake\Http\Runner::run() - CORE\src\Http\Runner.php, line 51
Cake\Http\Server::run() - CORE\src\Http\Server.php, line 81
[main] - ROOT\webroot\index.php, line 40



2021-06-16 16:48:30 Notice: Deprecated (16384): SessionHelper has been deprecated. Use request->session() instead. in [C:\xampp\htdocs\git\sboclub99\vendor\cakephp\cakephp\src\View\Helper\SessionHelper.php, line 39]
Request URL: /admin-vdo
Trace:
Cake\Error\BaseErrorHandler::handleError() - CORE\src\Error\BaseErrorHandler.php, line 153
Cake\View\Helper\SessionHelper::__construct() - CORE\src\View\Helper\SessionHelper.php, line 39
Cake\View\HelperRegistry::_create() - CORE\src\View\HelperRegistry.php, line 146
Cake\Core\ObjectRegistry::load() - CORE\src\Core\ObjectRegistry.php, line 96
Cake\View\HelperRegistry::__isset() - CORE\src\View\HelperRegistry.php, line 67
Cake\View\View::__get() - CORE\src\View\View.php, line 1094
include - APP/Template\Layout\admin.ctp, line 118
Cake\View\View::_evaluate() - CORE\src\View\View.php, line 1203
Cake\View\View::_render() - CORE\src\View\View.php, line 1164
Cake\View\View::renderLayout() - CORE\src\View\View.php, line 819
Cake\View\View::render() - CORE\src\View\View.php, line 777
Cake\Controller\Controller::render() - CORE\src\Controller\Controller.php, line 623
Cake\Http\ActionDispatcher::_invoke() - CORE\src\Http\ActionDispatcher.php, line 125
Cake\Http\ActionDispatcher::dispatch() - CORE\src\Http\ActionDispatcher.php, line 93
Cake\Http\BaseApplication::__invoke() - CORE\src\Http\BaseApplication.php, line 108
Cake\Http\Runner::__invoke() - CORE\src\Http\Runner.php, line 65
Cake\Routing\Middleware\RoutingMiddleware::__invoke() - CORE\src\Routing\Middleware\RoutingMiddleware.php, line 104
Cake\Http\Runner::__invoke() - CORE\src\Http\Runner.php, line 65
Cake\Routing\Middleware\AssetMiddleware::__invoke() - CORE\src\Routing\Middleware\AssetMiddleware.php, line 88
Cake\Http\Runner::__invoke() - CORE\src\Http\Runner.php, line 65
Cake\Error\Middleware\ErrorHandlerMiddleware::__invoke() - CORE\src\Error\Middleware\ErrorHandlerMiddleware.php, line 98
Cake\Http\Runner::__invoke() - CORE\src\Http\Runner.php, line 65
Cake\Http\Runner::run() - CORE\src\Http\Runner.php, line 51
Cake\Http\Server::run() - CORE\src\Http\Server.php, line 81
[main] - ROOT\webroot\index.php, line 40



2021-06-16 16:51:20 Notice: Deprecated (16384): SessionHelper has been deprecated. Use request->session() instead. in [C:\xampp\htdocs\git\sboclub99\vendor\cakephp\cakephp\src\View\Helper\SessionHelper.php, line 39]
Request URL: /admin-vdo
Trace:
Cake\Error\BaseErrorHandler::handleError() - CORE\src\Error\BaseErrorHandler.php, line 153
Cake\View\Helper\SessionHelper::__construct() - CORE\src\View\Helper\SessionHelper.php, line 39
Cake\View\HelperRegistry::_create() - CORE\src\View\HelperRegistry.php, line 146
Cake\Core\ObjectRegistry::load() - CORE\src\Core\ObjectRegistry.php, line 96
Cake\View\HelperRegistry::__isset() - CORE\src\View\HelperRegistry.php, line 67
Cake\View\View::__get() - CORE\src\View\View.php, line 1094
include - APP/Template\Layout\admin.ctp, line 118
Cake\View\View::_evaluate() - CORE\src\View\View.php, line 1203
Cake\View\View::_render() - CORE\src\View\View.php, line 1164
Cake\View\View::renderLayout() - CORE\src\View\View.php, line 819
Cake\View\View::render() - CORE\src\View\View.php, line 777
Cake\Controller\Controller::render() - CORE\src\Controller\Controller.php, line 623
Cake\Http\ActionDispatcher::_invoke() - CORE\src\Http\ActionDispatcher.php, line 125
Cake\Http\ActionDispatcher::dispatch() - CORE\src\Http\ActionDispatcher.php, line 93
Cake\Http\BaseApplication::__invoke() - CORE\src\Http\BaseApplication.php, line 108
Cake\Http\Runner::__invoke() - CORE\src\Http\Runner.php, line 65
Cake\Routing\Middleware\RoutingMiddleware::__invoke() - CORE\src\Routing\Middleware\RoutingMiddleware.php, line 104
Cake\Http\Runner::__invoke() - CORE\src\Http\Runner.php, line 65
Cake\Routing\Middleware\AssetMiddleware::__invoke() - CORE\src\Routing\Middleware\AssetMiddleware.php, line 88
Cake\Http\Runner::__invoke() - CORE\src\Http\Runner.php, line 65
Cake\Error\Middleware\ErrorHandlerMiddleware::__invoke() - CORE\src\Error\Middleware\ErrorHandlerMiddleware.php, line 98
Cake\Http\Runner::__invoke() - CORE\src\Http\Runner.php, line 65
Cake\Http\Runner::run() - CORE\src\Http\Runner.php, line 51
Cake\Http\Server::run() - CORE\src\Http\Server.php, line 81
[main] - ROOT\webroot\index.php, line 40



2021-06-16 16:51:51 Notice: Deprecated (16384): SessionHelper has been deprecated. Use request->session() instead. in [C:\xampp\htdocs\git\sboclub99\vendor\cakephp\cakephp\src\View\Helper\SessionHelper.php, line 39]
Request URL: /admin-vdo
Trace:
Cake\Error\BaseErrorHandler::handleError() - CORE\src\Error\BaseErrorHandler.php, line 153
Cake\View\Helper\SessionHelper::__construct() - CORE\src\View\Helper\SessionHelper.php, line 39
Cake\View\HelperRegistry::_create() - CORE\src\View\HelperRegistry.php, line 146
Cake\Core\ObjectRegistry::load() - CORE\src\Core\ObjectRegistry.php, line 96
Cake\View\HelperRegistry::__isset() - CORE\src\View\HelperRegistry.php, line 67
Cake\View\View::__get() - CORE\src\View\View.php, line 1094
include - APP/Template\Layout\admin.ctp, line 118
Cake\View\View::_evaluate() - CORE\src\View\View.php, line 1203
Cake\View\View::_render() - CORE\src\View\View.php, line 1164
Cake\View\View::renderLayout() - CORE\src\View\View.php, line 819
Cake\View\View::render() - CORE\src\View\View.php, line 777
Cake\Controller\Controller::render() - CORE\src\Controller\Controller.php, line 623
Cake\Http\ActionDispatcher::_invoke() - CORE\src\Http\ActionDispatcher.php, line 125
Cake\Http\ActionDispatcher::dispatch() - CORE\src\Http\ActionDispatcher.php, line 93
Cake\Http\BaseApplication::__invoke() - CORE\src\Http\BaseApplication.php, line 108
Cake\Http\Runner::__invoke() - CORE\src\Http\Runner.php, line 65
Cake\Routing\Middleware\RoutingMiddleware::__invoke() - CORE\src\Routing\Middleware\RoutingMiddleware.php, line 104
Cake\Http\Runner::__invoke() - CORE\src\Http\Runner.php, line 65
Cake\Routing\Middleware\AssetMiddleware::__invoke() - CORE\src\Routing\Middleware\AssetMiddleware.php, line 88
Cake\Http\Runner::__invoke() - CORE\src\Http\Runner.php, line 65
Cake\Error\Middleware\ErrorHandlerMiddleware::__invoke() - CORE\src\Error\Middleware\ErrorHandlerMiddleware.php, line 98
Cake\Http\Runner::__invoke() - CORE\src\Http\Runner.php, line 65
Cake\Http\Runner::run() - CORE\src\Http\Runner.php, line 51
Cake\Http\Server::run() - CORE\src\Http\Server.php, line 81
[main] - ROOT\webroot\index.php, line 40



2021-06-16 16:52:14 Notice: Deprecated (16384): SessionHelper has been deprecated. Use request->session() instead. in [C:\xampp\htdocs\git\sboclub99\vendor\cakephp\cakephp\src\View\Helper\SessionHelper.php, line 39]
Request URL: /admin-vdo
Trace:
Cake\Error\BaseErrorHandler::handleError() - CORE\src\Error\BaseErrorHandler.php, line 153
Cake\View\Helper\SessionHelper::__construct() - CORE\src\View\Helper\SessionHelper.php, line 39
Cake\View\HelperRegistry::_create() - CORE\src\View\HelperRegistry.php, line 146
Cake\Core\ObjectRegistry::load() - CORE\src\Core\ObjectRegistry.php, line 96
Cake\View\HelperRegistry::__isset() - CORE\src\View\HelperRegistry.php, line 67
Cake\View\View::__get() - CORE\src\View\View.php, line 1094
include - APP/Template\Layout\admin.ctp, line 118
Cake\View\View::_evaluate() - CORE\src\View\View.php, line 1203
Cake\View\View::_render() - CORE\src\View\View.php, line 1164
Cake\View\View::renderLayout() - CORE\src\View\View.php, line 819
Cake\View\View::render() - CORE\src\View\View.php, line 777
Cake\Controller\Controller::render() - CORE\src\Controller\Controller.php, line 623
Cake\Http\ActionDispatcher::_invoke() - CORE\src\Http\ActionDispatcher.php, line 125
Cake\Http\ActionDispatcher::dispatch() - CORE\src\Http\ActionDispatcher.php, line 93
Cake\Http\BaseApplication::__invoke() - CORE\src\Http\BaseApplication.php, line 108
Cake\Http\Runner::__invoke() - CORE\src\Http\Runner.php, line 65
Cake\Routing\Middleware\RoutingMiddleware::__invoke() - CORE\src\Routing\Middleware\RoutingMiddleware.php, line 104
Cake\Http\Runner::__invoke() - CORE\src\Http\Runner.php, line 65
Cake\Routing\Middleware\AssetMiddleware::__invoke() - CORE\src\Routing\Middleware\AssetMiddleware.php, line 88
Cake\Http\Runner::__invoke() - CORE\src\Http\Runner.php, line 65
Cake\Error\Middleware\ErrorHandlerMiddleware::__invoke() - CORE\src\Error\Middleware\ErrorHandlerMiddleware.php, line 98
Cake\Http\Runner::__invoke() - CORE\src\Http\Runner.php, line 65
Cake\Http\Runner::run() - CORE\src\Http\Runner.php, line 51
Cake\Http\Server::run() - CORE\src\Http\Server.php, line 81
[main] - ROOT\webroot\index.php, line 40



2021-06-16 16:52:17 Notice: Deprecated (16384): SessionHelper has been deprecated. Use request->session() instead. in [C:\xampp\htdocs\git\sboclub99\vendor\cakephp\cakephp\src\View\Helper\SessionHelper.php, line 39]
Request URL: /admin-vdo
Referer URL: http://www.localhost/git/sboclub99/admin-vdo
Trace:
Cake\Error\BaseErrorHandler::handleError() - CORE\src\Error\BaseErrorHandler.php, line 153
Cake\View\Helper\SessionHelper::__construct() - CORE\src\View\Helper\SessionHelper.php, line 39
Cake\View\HelperRegistry::_create() - CORE\src\View\HelperRegistry.php, line 146
Cake\Core\ObjectRegistry::load() - CORE\src\Core\ObjectRegistry.php, line 96
Cake\View\HelperRegistry::__isset() - CORE\src\View\HelperRegistry.php, line 67
Cake\View\View::__get() - CORE\src\View\View.php, line 1094
include - APP/Template\Layout\admin.ctp, line 118
Cake\View\View::_evaluate() - CORE\src\View\View.php, line 1203
Cake\View\View::_render() - CORE\src\View\View.php, line 1164
Cake\View\View::renderLayout() - CORE\src\View\View.php, line 819
Cake\View\View::render() - CORE\src\View\View.php, line 777
Cake\Controller\Controller::render() - CORE\src\Controller\Controller.php, line 623
Cake\Http\ActionDispatcher::_invoke() - CORE\src\Http\ActionDispatcher.php, line 125
Cake\Http\ActionDispatcher::dispatch() - CORE\src\Http\ActionDispatcher.php, line 93
Cake\Http\BaseApplication::__invoke() - CORE\src\Http\BaseApplication.php, line 108
Cake\Http\Runner::__invoke() - CORE\src\Http\Runner.php, line 65
Cake\Routing\Middleware\RoutingMiddleware::__invoke() - CORE\src\Routing\Middleware\RoutingMiddleware.php, line 104
Cake\Http\Runner::__invoke() - CORE\src\Http\Runner.php, line 65
Cake\Routing\Middleware\AssetMiddleware::__invoke() - CORE\src\Routing\Middleware\AssetMiddleware.php, line 88
Cake\Http\Runner::__invoke() - CORE\src\Http\Runner.php, line 65
Cake\Error\Middleware\ErrorHandlerMiddleware::__invoke() - CORE\src\Error\Middleware\ErrorHandlerMiddleware.php, line 98
Cake\Http\Runner::__invoke() - CORE\src\Http\Runner.php, line 65
Cake\Http\Runner::run() - CORE\src\Http\Runner.php, line 51
Cake\Http\Server::run() - CORE\src\Http\Server.php, line 81
[main] - ROOT\webroot\index.php, line 40



2021-06-16 16:52:22 Notice: Deprecated (16384): SessionHelper has been deprecated. Use request->session() instead. in [C:\xampp\htdocs\git\sboclub99\vendor\cakephp\cakephp\src\View\Helper\SessionHelper.php, line 39]
Request URL: /articles/index/promotion
Referer URL: http://www.localhost/git/sboclub99/admin-vdo
Trace:
Cake\Error\BaseErrorHandler::handleError() - CORE\src\Error\BaseErrorHandler.php, line 153
Cake\View\Helper\SessionHelper::__construct() - CORE\src\View\Helper\SessionHelper.php, line 39
Cake\View\HelperRegistry::_create() - CORE\src\View\HelperRegistry.php, line 146
Cake\Core\ObjectRegistry::load() - CORE\src\Core\ObjectRegistry.php, line 96
Cake\View\HelperRegistry::__isset() - CORE\src\View\HelperRegistry.php, line 67
Cake\View\View::__get() - CORE\src\View\View.php, line 1094
include - APP/Template\Layout\admin.ctp, line 118
Cake\View\View::_evaluate() - CORE\src\View\View.php, line 1203
Cake\View\View::_render() - CORE\src\View\View.php, line 1164
Cake\View\View::renderLayout() - CORE\src\View\View.php, line 819
Cake\View\View::render() - CORE\src\View\View.php, line 777
Cake\Controller\Controller::render() - CORE\src\Controller\Controller.php, line 623
Cake\Http\ActionDispatcher::_invoke() - CORE\src\Http\ActionDispatcher.php, line 125
Cake\Http\ActionDispatcher::dispatch() - CORE\src\Http\ActionDispatcher.php, line 93
Cake\Http\BaseApplication::__invoke() - CORE\src\Http\BaseApplication.php, line 108
Cake\Http\Runner::__invoke() - CORE\src\Http\Runner.php, line 65
Cake\Routing\Middleware\RoutingMiddleware::__invoke() - CORE\src\Routing\Middleware\RoutingMiddleware.php, line 104
Cake\Http\Runner::__invoke() - CORE\src\Http\Runner.php, line 65
Cake\Routing\Middleware\AssetMiddleware::__invoke() - CORE\src\Routing\Middleware\AssetMiddleware.php, line 88
Cake\Http\Runner::__invoke() - CORE\src\Http\Runner.php, line 65
Cake\Error\Middleware\ErrorHandlerMiddleware::__invoke() - CORE\src\Error\Middleware\ErrorHandlerMiddleware.php, line 98
Cake\Http\Runner::__invoke() - CORE\src\Http\Runner.php, line 65
Cake\Http\Runner::run() - CORE\src\Http\Runner.php, line 51
Cake\Http\Server::run() - CORE\src\Http\Server.php, line 81
[main] - ROOT\webroot\index.php, line 40



